<?xml version="1.0" encoding="UTF-8"?>
<!-- Generated by org.testng.reporters.JUnitXMLReporter -->
<testsuite ignored="2" hostname="SEZLP835" failures="0" tests="2" name="Test" time="19.352" errors="0" timestamp="2023-05-17T23:14:37 IST">
  <testcase classname="Testscripts.Testscript_TS_SDIR_001" name="TS_SDIR_001" time="7.166"/>
  <testcase classname="Testscripts.Testscript_TS_SDIR_002" name="TS_SDIR_002" time="8.662"/>
  <testcase classname="utils.Web_Html_Reporter" name="@BeforeSuite startReport" time="0.0">
    <ignored/>
  </testcase> <!-- @BeforeSuite startReport -->
  <testcase classname="utils.Web_Html_Reporter" name="@AfterSuite stopReport" time="0.0">
    <ignored/>
  </testcase> <!-- @AfterSuite stopReport -->
</testsuite> <!-- Test -->
