<?xml version="1.0" encoding="UTF-8"?>
<testng-results ignored="0" total="1" passed="1" failed="0" skipped="0">
  <reporter-output>
  </reporter-output>
  <suite started-at="2024-04-14T11:23:41 IST" name="Default suite" finished-at="2024-04-14T11:26:26 IST" duration-ms="165416">
    <groups>
    </groups>
    <test started-at="2024-04-14T11:23:41 IST" name="Default test" finished-at="2024-04-14T11:26:26 IST" duration-ms="165416">
      <class name="Testscripts.TS_OHRM_001">
        <test-method is-config="true" signature="startReport()[pri:0, instance:Testscripts.TS_OHRM_001@28261e8e]" started-at="2024-04-14T11:23:40 IST" name="startReport" finished-at="2024-04-14T11:23:41 IST" duration-ms="606" status="PASS">
          <reporter-output>
          </reporter-output>
        </test-method> <!-- startReport -->
        <test-method is-config="true" signature="setValues()[pri:0, instance:Testscripts.TS_OHRM_001@28261e8e]" started-at="2024-04-14T11:23:41 IST" name="setValues" finished-at="2024-04-14T11:23:41 IST" duration-ms="0" status="PASS">
          <reporter-output>
          </reporter-output>
        </test-method> <!-- setValues -->
        <test-method is-config="true" signature="report()[pri:0, instance:Testscripts.TS_OHRM_001@28261e8e]" started-at="2024-04-14T11:23:41 IST" name="report" finished-at="2024-04-14T11:23:41 IST" duration-ms="19" status="PASS">
          <reporter-output>
          </reporter-output>
        </test-method> <!-- report -->
        <test-method is-config="true" signature="precondition()[pri:0, instance:Testscripts.TS_OHRM_001@28261e8e]" started-at="2024-04-14T11:23:41 IST" name="precondition" finished-at="2024-04-14T11:23:44 IST" duration-ms="3109" status="PASS">
          <reporter-output>
          </reporter-output>
        </test-method> <!-- precondition -->
        <test-method signature="tS_OHRM_001()[pri:0, instance:Testscripts.TS_OHRM_001@28261e8e]" started-at="2024-04-14T11:23:44 IST" name="tS_OHRM_001" finished-at="2024-04-14T11:26:26 IST" duration-ms="161927" status="PASS">
          <reporter-output>
          </reporter-output>
        </test-method> <!-- tS_OHRM_001 -->
        <test-method is-config="true" signature="postcondition()[pri:0, instance:Testscripts.TS_OHRM_001@28261e8e]" started-at="2024-04-14T11:26:26 IST" name="postcondition" finished-at="2024-04-14T11:26:26 IST" duration-ms="295" status="PASS">
          <reporter-output>
          </reporter-output>
        </test-method> <!-- postcondition -->
        <test-method is-config="true" signature="stopReport()[pri:0, instance:Testscripts.TS_OHRM_001@28261e8e]" started-at="2024-04-14T11:26:26 IST" name="stopReport" finished-at="2024-04-14T11:26:27 IST" duration-ms="518" status="PASS">
          <reporter-output>
          </reporter-output>
        </test-method> <!-- stopReport -->
      </class> <!-- Testscripts.TS_OHRM_001 -->
    </test> <!-- Default test -->
  </suite> <!-- Default suite -->
</testng-results>
